app/build/intermediates/manifest_merge_blame_file/debug/manifest-merger-blame-debug-report.txt
1<?xml version="1.0" encoding="utf-8"?>
2<manifest xmlns:android="http://schemas.android.com/apk/res/android"
3    package="com.cookie.vexai"
4    android:versionCode="1"
5    android:versionName="1.0" >
6
7    <uses-sdk
8        android:minSdkVersion="21"
8-->src/main/AndroidManifest.xml
9        android:targetSdkVersion="33" />
9-->src/main/AndroidManifest.xml
10
11    <!-- Permissões -->
12    <uses-permission android:name="android.permission.INTERNET" />
12-->src/main/AndroidManifest.xml:5:5-67
12-->src/main/AndroidManifest.xml:5:22-64
13    <uses-permission android:name="android.permission.ACCESS_NETWORK_STATE" />
13-->src/main/AndroidManifest.xml:6:5-79
13-->src/main/AndroidManifest.xml:6:22-76
14
15    <permission
15-->[androidx.core:core:1.9.0] AndroidManifest.xml:22:5-24:47
16        android:name="com.cookie.vexai.DYNAMIC_RECEIVER_NOT_EXPORTED_PERMISSION"
16-->[androidx.core:core:1.9.0] AndroidManifest.xml:23:9-81
17        android:protectionLevel="signature" />
17-->[androidx.core:core:1.9.0] AndroidManifest.xml:24:9-44
18
19    <uses-permission android:name="com.cookie.vexai.DYNAMIC_RECEIVER_NOT_EXPORTED_PERMISSION" />
19-->[androidx.core:core:1.9.0] AndroidManifest.xml:26:5-97
19-->[androidx.core:core:1.9.0] AndroidManifest.xml:26:22-94
20
21    <application
21-->src/main/AndroidManifest.xml:8:5-65:19
22        android:allowBackup="true"
22-->src/main/AndroidManifest.xml:9:9-35
23        android:appComponentFactory="androidx.core.app.CoreComponentFactory"
23-->[androidx.core:core:1.9.0] AndroidManifest.xml:28:18-86
24        android:debuggable="true"
25        android:icon="@mipmap/vex"
25-->src/main/AndroidManifest.xml:10:9-35
26        android:label="@string/app_name"
26-->src/main/AndroidManifest.xml:11:9-41
27        android:roundIcon="@mipmap/vex"
27-->src/main/AndroidManifest.xml:12:9-40
28        android:supportsRtl="true"
28-->src/main/AndroidManifest.xml:13:9-35
29        android:theme="@style/AppTheme" >
29-->src/main/AndroidManifest.xml:14:9-40
30
31        <!-- Atividade principal -->
32        <activity
32-->src/main/AndroidManifest.xml:17:9-27:20
33            android:name="com.cookie.vex.SplashActivity"
33-->src/main/AndroidManifest.xml:18:13-43
34            android:exported="true"
34-->src/main/AndroidManifest.xml:19:13-36
35            android:screenOrientation="portrait"
35-->src/main/AndroidManifest.xml:20:13-49
36            android:windowSoftInputMode="stateHidden" >
36-->src/main/AndroidManifest.xml:21:13-54
37            <intent-filter>
37-->src/main/AndroidManifest.xml:23:13-26:29
38                <action android:name="android.intent.action.MAIN" />
38-->src/main/AndroidManifest.xml:24:17-69
38-->src/main/AndroidManifest.xml:24:25-66
39
40                <category android:name="android.intent.category.LAUNCHER" />
40-->src/main/AndroidManifest.xml:25:17-77
40-->src/main/AndroidManifest.xml:25:27-74
41            </intent-filter>
42        </activity>
43
44        <!-- Outras atividades -->
45        <activity
45-->src/main/AndroidManifest.xml:30:9-32:52
46            android:name="com.cookie.vex.AddActivity"
46-->src/main/AndroidManifest.xml:31:13-40
47            android:screenOrientation="portrait" />
47-->src/main/AndroidManifest.xml:32:13-49
48        <activity
48-->src/main/AndroidManifest.xml:33:9-35:52
49            android:name="com.cookie.vex.BancoActivity"
49-->src/main/AndroidManifest.xml:34:13-42
50            android:screenOrientation="portrait" />
50-->src/main/AndroidManifest.xml:35:13-49
51        <activity
51-->src/main/AndroidManifest.xml:36:9-38:52
52            android:name="com.cookie.vex.DebugActivity"
52-->src/main/AndroidManifest.xml:37:13-42
53            android:screenOrientation="portrait" />
53-->src/main/AndroidManifest.xml:38:13-49
54        <activity
54-->src/main/AndroidManifest.xml:39:9-41:52
55            android:name="com.cookie.vex.HomeActivity"
55-->src/main/AndroidManifest.xml:40:13-41
56            android:screenOrientation="portrait" />
56-->src/main/AndroidManifest.xml:41:13-49
57        <activity
57-->src/main/AndroidManifest.xml:42:9-44:52
58            android:name="com.cookie.vex.AboutActivity"
58-->src/main/AndroidManifest.xml:43:13-42
59            android:screenOrientation="portrait" />
59-->src/main/AndroidManifest.xml:44:13-49
60        <activity
60-->src/main/AndroidManifest.xml:45:9-47:52
61            android:name="com.cookie.vex.CustomizeActivity"
61-->src/main/AndroidManifest.xml:46:13-46
62            android:screenOrientation="portrait" />
62-->src/main/AndroidManifest.xml:47:13-49
63        <activity
63-->src/main/AndroidManifest.xml:48:9-50:52
64            android:name="com.cookie.vex.UpdateActivity"
64-->src/main/AndroidManifest.xml:49:13-43
65            android:screenOrientation="portrait" />
65-->src/main/AndroidManifest.xml:50:13-49
66        <activity
66-->src/main/AndroidManifest.xml:51:9-53:52
67            android:name="com.cookie.vex.SettingsActivity"
67-->src/main/AndroidManifest.xml:52:13-45
68            android:screenOrientation="portrait" />
68-->src/main/AndroidManifest.xml:53:13-49
69        <activity
69-->src/main/AndroidManifest.xml:54:9-56:52
70            android:name="com.cookie.vex.ListDatabasesActivity"
70-->src/main/AndroidManifest.xml:55:13-50
71            android:screenOrientation="portrait" />
71-->src/main/AndroidManifest.xml:56:13-49
72        <activity
72-->src/main/AndroidManifest.xml:57:9-59:52
73            android:name="com.cookie.vex.NicknameActivity"
73-->src/main/AndroidManifest.xml:58:13-45
74            android:screenOrientation="portrait" />
74-->src/main/AndroidManifest.xml:59:13-49
75        <activity
75-->src/main/AndroidManifest.xml:60:9-63:58
76            android:name="com.cookie.vex.TutorialActivity"
76-->src/main/AndroidManifest.xml:61:13-45
77            android:screenOrientation="portrait"
77-->src/main/AndroidManifest.xml:62:13-49
78            android:theme="@style/AppTheme.FullScreen" />
78-->src/main/AndroidManifest.xml:63:13-55
79        >
80        <provider
80-->[androidx.emoji2:emoji2:1.2.0] AndroidManifest.xml:24:9-32:20
81            android:name="androidx.startup.InitializationProvider"
81-->[androidx.emoji2:emoji2:1.2.0] AndroidManifest.xml:25:13-67
82            android:authorities="com.cookie.vexai.androidx-startup"
82-->[androidx.emoji2:emoji2:1.2.0] AndroidManifest.xml:26:13-68
83            android:exported="false" >
83-->[androidx.emoji2:emoji2:1.2.0] AndroidManifest.xml:27:13-37
84            <meta-data
84-->[androidx.emoji2:emoji2:1.2.0] AndroidManifest.xml:29:13-31:52
85                android:name="androidx.emoji2.text.EmojiCompatInitializer"
85-->[androidx.emoji2:emoji2:1.2.0] AndroidManifest.xml:30:17-75
86                android:value="androidx.startup" />
86-->[androidx.emoji2:emoji2:1.2.0] AndroidManifest.xml:31:17-49
87            <meta-data
87-->[androidx.lifecycle:lifecycle-process:2.4.1] AndroidManifest.xml:31:13-33:52
88                android:name="androidx.lifecycle.ProcessLifecycleInitializer"
88-->[androidx.lifecycle:lifecycle-process:2.4.1] AndroidManifest.xml:32:17-78
89                android:value="androidx.startup" />
89-->[androidx.lifecycle:lifecycle-process:2.4.1] AndroidManifest.xml:33:17-49
90        </provider>
91    </application>
92
93</manifest>